# JRE version: OpenJDK Runtime Environment (21.0.5+11) (build 21.0.5+11-Ubuntu-1ubuntu122.04)
# Java VM: OpenJDK 64-Bit Server VM (21.0.5+11-Ubuntu-1ubuntu122.04, mixed mode, sharing, tiered, compressed oops, compressed class ptrs, g1 gc, linux-amd64)
GC Precious Log:
 CardTable entry size: 512
 Card Set container configuration: InlinePtr #cards 5 size 8 Array Of Cards #cards 12 size 40 Howl #buckets 4 coarsen threshold 1843 Howl Bitmap #cards 512 size 80 coarsen threshold 460 Card regions per heap region 1 cards per card region 2048
 CPUs: 4 total, 4 available
 Memory: 7823M
 Large Page Support: Disabled
 NUMA Support: Disabled
 Compressed Oops: Enabled (32-bit)
 Heap Region Size: 1M
 Heap Min Capacity: 8M
 Heap Initial Capacity: 124M
 Heap Max Capacity: 1956M
 Pre-touch: Disabled
 Parallel Workers: 4
 Concurrent Workers: 1
 Concurrent Refinement Workers: 4
 Periodic GC: Disabled
Heap:
 garbage-first heap   total 69632K, used 34315K [0x0000000085c00000, 0x0000000100000000)
  region size 1024K, 17 young (17408K), 3 survivors (3072K)
 Metaspace       used 34652K, committed 35136K, reserved 1114112K
  class space    used 3864K, committed 4096K, reserved 1048576K
GC Heap History (14 events):
Event: 0,394 GC heap before
{Heap before GC invocations=0 (full 0):
 garbage-first heap   total 129024K, used 14385K [0x0000000085c00000, 0x0000000100000000)
  region size 1024K, 13 young (13312K), 0 survivors (0K)
 Metaspace       used 4442K, committed 4608K, reserved 1114112K
  class space    used 490K, committed 576K, reserved 1048576K
}
Event: 0,398 GC heap after
{Heap after GC invocations=1 (full 0):
 garbage-first heap   total 129024K, used 3638K [0x0000000085c00000, 0x0000000100000000)
  region size 1024K, 2 young (2048K), 2 survivors (2048K)
 Metaspace       used 4442K, committed 4608K, reserved 1114112K
  class space    used 490K, committed 576K, reserved 1048576K
}
Event: 0,971 GC heap before
{Heap before GC invocations=1 (full 0):
 garbage-first heap   total 129024K, used 30262K [0x0000000085c00000, 0x0000000100000000)
  region size 1024K, 29 young (29696K), 2 survivors (2048K)
 Metaspace       used 8891K, committed 9024K, reserved 1114112K
  class space    used 1041K, committed 1088K, reserved 1048576K
}
Event: 0,976 GC heap after
{Heap after GC invocations=2 (full 0):
 garbage-first heap   total 129024K, used 5377K [0x0000000085c00000, 0x0000000100000000)
  region size 1024K, 4 young (4096K), 4 survivors (4096K)
 Metaspace       used 8891K, committed 9024K, reserved 1114112K
  class space    used 1041K, committed 1088K, reserved 1048576K
}
Event: 2,409 GC heap before
{Heap before GC invocations=2 (full 0):
 garbage-first heap   total 129024K, used 48385K [0x0000000085c00000, 0x0000000100000000)
  region size 1024K, 48 young (49152K), 4 survivors (4096K)
 Metaspace       used 21319K, committed 21504K, reserved 1114112K
  class space    used 2409K, committed 2496K, reserved 1048576K
}
Event: 2,425 GC heap after
{Heap after GC invocations=3 (full 0):
 garbage-first heap   total 129024K, used 11830K [0x0000000085c00000, 0x0000000100000000)
  region size 1024K, 10 young (10240K), 10 survivors (10240K)
 Metaspace       used 21319K, committed 21504K, reserved 1114112K
  class space    used 2409K, committed 2496K, reserved 1048576K
}
Event: 2,848 GC heap before
{Heap before GC invocations=4 (full 0):
 garbage-first heap   total 45056K, used 43574K [0x0000000085c00000, 0x0000000100000000)
  region size 1024K, 41 young (41984K), 10 survivors (10240K)
 Metaspace       used 22435K, committed 22720K, reserved 1114112K
  class space    used 2514K, committed 2624K, reserved 1048576K
}
Event: 2,875 GC heap after
{Heap after GC invocations=5 (full 0):
 garbage-first heap   total 57344K, used 13878K [0x0000000085c00000, 0x0000000100000000)
  region size 1024K, 2 young (2048K), 2 survivors (2048K)
 Metaspace       used 22435K, committed 22720K, reserved 1114112K
  class space    used 2514K, committed 2624K, reserved 1048576K
}
Event: 3,587 GC heap before
{Heap before GC invocations=5 (full 0):
 garbage-first heap   total 57344K, used 44598K [0x0000000085c00000, 0x0000000100000000)
  region size 1024K, 32 young (32768K), 2 survivors (2048K)
 Metaspace       used 30697K, committed 31040K, reserved 1114112K
  class space    used 3454K, committed 3648K, reserved 1048576K
}
Event: 3,595 GC heap after
{Heap after GC invocations=6 (full 0):
 garbage-first heap   total 57344K, used 18436K [0x0000000085c00000, 0x0000000100000000)
  region size 1024K, 4 young (4096K), 4 survivors (4096K)
 Metaspace       used 30697K, committed 31040K, reserved 1114112K
  class space    used 3454K, committed 3648K, reserved 1048576K
}
Event: 4,149 GC heap before
{Heap before GC invocations=6 (full 0):
 garbage-first heap   total 57344K, used 47108K [0x0000000085c00000, 0x0000000100000000)
  region size 1024K, 31 young (31744K), 4 survivors (4096K)
 Metaspace       used 32885K, committed 33280K, reserved 1114112K
  class space    used 3696K, committed 3904K, reserved 1048576K
}
Event: 4,158 GC heap after
{Heap after GC invocations=7 (full 0):
 garbage-first heap   total 57344K, used 19924K [0x0000000085c00000, 0x0000000100000000)
  region size 1024K, 2 young (2048K), 2 survivors (2048K)
 Metaspace       used 32885K, committed 33280K, reserved 1114112K
  class space    used 3696K, committed 3904K, reserved 1048576K
}
Event: 141,276 GC heap before
{Heap before GC invocations=7 (full 0):
 garbage-first heap   total 57344K, used 46548K [0x0000000085c00000, 0x0000000100000000)
  region size 1024K, 28 young (28672K), 2 survivors (2048K)
 Metaspace       used 34457K, committed 34944K, reserved 1114112K
  class space    used 3852K, committed 4096K, reserved 1048576K
}
Event: 141,281 GC heap after
{Heap after GC invocations=8 (full 0):
 garbage-first heap   total 69632K, used 21003K [0x0000000085c00000, 0x0000000100000000)
  region size 1024K, 3 young (3072K), 3 survivors (3072K)
 Metaspace       used 34457K, committed 34944K, reserved 1114112K
  class space    used 3852K, committed 4096K, reserved 1048576K
}

